:compileApiJava UP-TO-DATE
:processApiResources UP-TO-DATE
:apiClasses UP-TO-DATE
:sourceMainJava
:compileJavaC:\Users\Kolya\Desktop\fixes\src\Thaumcraft-1.7.10-server\build\sources\java\thaumcraft\codechicken\core\launch\DepLoader.java:12: warning: URLClassPath is internal proprietary API and may be removed in a future release
import sun.misc.URLClassPath;
               ^
C:\Users\Kolya\Desktop\fixes\src\Thaumcraft-1.7.10-server\build\sources\java\thaumcraft\codechicken\core\launch\DepLoader.java:13: warning: URLUtil is internal proprietary API and may be removed in a future release
import sun.net.util.URLUtil;
                   ^
C:\Users\Kolya\Desktop\fixes\src\Thaumcraft-1.7.10-server\build\sources\java\thaumcraft\codechicken\core\launch\DepLoader.java:192: warning: URLClassPath is internal proprietary API and may be removed in a future release
					Field f_loaders = URLClassPath.class.getDeclaredField("loaders");
					                  ^
C:\Users\Kolya\Desktop\fixes\src\Thaumcraft-1.7.10-server\build\sources\java\thaumcraft\codechicken\core\launch\DepLoader.java:193: warning: URLClassPath is internal proprietary API and may be removed in a future release
					Field f_lmap = URLClassPath.class.getDeclaredField("lmap");
					               ^
C:\Users\Kolya\Desktop\fixes\src\Thaumcraft-1.7.10-server\build\sources\java\thaumcraft\codechicken\core\launch\DepLoader.java:197: warning: URLClassPath is internal proprietary API and may be removed in a future release
					URLClassPath ucp = (URLClassPath) f_ucp.get(cl);
					^
C:\Users\Kolya\Desktop\fixes\src\Thaumcraft-1.7.10-server\build\sources\java\thaumcraft\codechicken\core\launch\DepLoader.java:197: warning: URLClassPath is internal proprietary API and may be removed in a future release
					URLClassPath ucp = (URLClassPath) f_ucp.get(cl);
					                    ^
C:\Users\Kolya\Desktop\fixes\src\Thaumcraft-1.7.10-server\build\sources\java\thaumcraft\codechicken\core\launch\DepLoader.java:198: warning: URLUtil is internal proprietary API and may be removed in a future release
					Closeable loader = (Closeable) ((Map) f_lmap.get(ucp)).remove(URLUtil.urlNoFragString(url));
					                                                              ^
Note: Some input files use or override a deprecated API.
Note: Recompile with -Xlint:deprecation for details.
Note: Some input files use unchecked or unsafe operations.
Note: Recompile with -Xlint:unchecked for details.
7 warnings

:processResources UP-TO-DATE
:classes
:jar
:compileTestJava UP-TO-DATE
:processTestResources UP-TO-DATE
:testClasses UP-TO-DATE
:test UP-TO-DATE
:extractMcpData UP-TO-DATE
:getVersionJson
:extractUserDev UP-TO-DATE
:genSrgs SKIPPED
:reobf
:assemble
:check UP-TO-DATE
:build

BUILD SUCCESSFUL

Total time: 19.135 secs
